<?xml version="1.0" encoding="UTF-8"?>
<testng-results skipped="0" failed="0" ignored="0" total="1" passed="1">
  <reporter-output>
  </reporter-output>
  <suite name="Default suite" duration-ms="839" started-at="2017-06-12T12:17:31Z" finished-at="2017-06-12T12:17:32Z">
    <groups>
    </groups>
    <test name="Default test" duration-ms="839" started-at="2017-06-12T12:17:31Z" finished-at="2017-06-12T12:17:32Z">
      <class name="testcases.TC_001">
        <test-method status="PASS" signature="StartBrowser()[pri:0, instance:testcases.TC_001@28d25987]" name="StartBrowser" is-config="true" duration-ms="9428" started-at="2017-06-12T17:47:22Z" finished-at="2017-06-12T17:47:31Z">
          <reporter-output>
          </reporter-output>
        </test-method> <!-- StartBrowser -->
        <test-method status="PASS" signature="test1()[pri:1, instance:testcases.TC_001@28d25987]" name="test1" duration-ms="829" started-at="2017-06-12T17:47:31Z" finished-at="2017-06-12T17:47:32Z">
          <reporter-output>
          </reporter-output>
        </test-method> <!-- test1 -->
      </class> <!-- testcases.TC_001 -->
    </test> <!-- Default test -->
  </suite> <!-- Default suite -->
</testng-results>
